This is LuaHBTeX, Version 1.24.0 (TeX Live 2026/Arch Linux)  (format=lualatex 2026.3.17)  22 MAR 2026 16:28
 system commands enabled.
**toni_op_nyomt.tex
(./toni_op_nyomt.tex
LaTeX2e <2025-11-01>
L3 programming layer <2026-01-19>
Lua module: luaotfload 2024-12-03 v3.29 Lua based OpenType font support
Lua module: lualibs 2023-07-13 v2.76 ConTeXt Lua standard libraries.
Lua module: lualibs-extended 2023-07-13 v2.76 ConTeXt Lua libraries -- extended 
collection.
luaotfload | conf : Root cache directory is "/home/sefy/.texlive/texmf-var/luate
x-cache/generic/names".
luaotfload | init : Loading fontloader "fontloader-2023-12-28.lua" from kpse-res
olved path "/usr/share/texmf-dist/tex/luatex/luaotfload/fontloader-2023-12-28.lu
a".
Lua-only attribute luaotfload@noligature = 1
luaotfload | init : Context OpenType loader version 3.134
Inserting `luaotfload.node_processor' in `pre_linebreak_filter'.
Inserting `luaotfload.node_processor' in `hpack_filter'.
Inserting `luaotfload.glyph_stream' in `glyph_stream_provider'.
Inserting `luaotfload.define_font' in `define_font'.
Lua-only attribute luaotfload_color_attribute = 2
luaotfload | conf : Root cache directory is "/home/sefy/.texlive/texmf-var/luate
x-cache/generic/names".
Inserting `luaotfload.harf.strip_prefix' in `find_opentype_file'.
Inserting `luaotfload.harf.strip_prefix' in `find_truetype_file'.
Removing  `luaotfload.glyph_stream' from `glyph_stream_provider'.
Inserting `luaotfload.harf.glyphstream' in `glyph_stream_provider'.
Inserting `luaotfload.harf.finalize_vlist' in `post_linebreak_filter'.
Inserting `luaotfload.harf.finalize_hlist' in `hpack_filter'.
Inserting `luaotfload.cleanup_files' in `wrapup_run'.
Inserting `luaotfload.harf.finalize_unicode' in `finish_pdffile'.
Inserting `luaotfload.glyphinfo' in `glyph_info'.
Lua-only attribute luaotfload.letterspace_done = 3
Inserting `luaotfload.aux.set_sscale_dimens' in `luaotfload.patch_font'.
Inserting `luaotfload.aux.set_font_index' in `luaotfload.patch_font'.
Inserting `luaotfload.aux.patch_cambria_domh' in `luaotfload.patch_font'.
Inserting `luaotfload.aux.fixup_fontdata' in `luaotfload.patch_font_unsafe'.
Inserting `luaotfload.aux.set_capheight' in `luaotfload.patch_font'.
Inserting `luaotfload.aux.set_xheight' in `luaotfload.patch_font'.
Inserting `luaotfload.rewrite_fontname' in `luaotfload.patch_font'.
Inserting `tracingstacklevels' in `input_level_string'. (/usr/share/texmf-dist/
tex/latex/base/article.cls
Document Class: article 2025/01/22 v1.4n Standard LaTeX document class
(/usr/share/texmf-dist/tex/latex/base/size10.clo
File: size10.clo 2025/01/22 v1.4n Standard LaTeX file (size option)
luaotfload | db : Font names database loaded from /home/sefy/.texlive/texmf-var/
luatex-cache/generic/names/luaotfload-names.luc.gz)
\c@part=\count273
\c@section=\count274
\c@subsection=\count275
\c@subsubsection=\count276
\c@paragraph=\count277
\c@subparagraph=\count278
\c@figure=\count279
\c@table=\count280
\abovecaptionskip=\skip49
\belowcaptionskip=\skip50
\bibindent=\dimen147
)
(/usr/share/texmf-dist/tex/latex/pdfpages/pdfpages.sty
Package: pdfpages 2025/07/23 v0.6g Insert pages of external PDF documents (AM)

(/usr/share/texmf-dist/tex/latex/base/ifthen.sty
Package: ifthen 2024/03/16 v1.1e Standard LaTeX ifthen package (DPC)
)
(/usr/share/texmf-dist/tex/latex/tools/calc.sty
Package: calc 2025/03/01 v4.3b Infix arithmetic (KKT,FJ)
\calc@Acount=\count281
\calc@Bcount=\count282
\calc@Adimen=\dimen148
\calc@Bdimen=\dimen149
\calc@Askip=\skip51
\calc@Bskip=\skip52
LaTeX Info: Redefining \setlength on input line 86.
LaTeX Info: Redefining \addtolength on input line 87.
\calc@Ccount=\count283
\calc@Cskip=\skip53
)
(/usr/share/texmf-dist/tex/latex/eso-pic/eso-pic.sty
Package: eso-pic 2025/12/10 v3.0d eso-pic (RN)
\ESO@tempdima=\dimen150
\ESO@tempdimb=\dimen151

(/usr/share/texmf-dist/tex/latex/graphics/keyval.sty
Package: keyval 2022/05/29 v1.15 key=value parser (DPC)
\KV@toks@=\toks17
)
(/usr/share/texmf-dist/tex/latex/xcolor/xcolor.sty
Package: xcolor 2024/09/29 v3.02 LaTeX color extensions (UK)

(/usr/share/texmf-dist/tex/latex/graphics-cfg/color.cfg
File: color.cfg 2016/01/02 v1.6 sample color configuration
)
Package xcolor Info: Driver file: luatex.def on input line 274.

(/usr/share/texmf-dist/tex/latex/graphics-def/luatex.def
File: luatex.def 2025/09/29 v1.2f Graphics/color driver for luatex
)
(/usr/share/texmf-dist/tex/latex/graphics/mathcolor.ltx)
Package xcolor Info: Model `cmy' substituted by `cmy0' on input line 1349.
Package xcolor Info: Model `hsb' substituted by `rgb' on input line 1353.
Package xcolor Info: Model `RGB' extended on input line 1365.
Package xcolor Info: Model `HTML' substituted by `rgb' on input line 1367.
Package xcolor Info: Model `Hsb' substituted by `hsb' on input line 1368.
Package xcolor Info: Model `tHsb' substituted by `hsb' on input line 1369.
Package xcolor Info: Model `HSB' substituted by `hsb' on input line 1370.
Package xcolor Info: Model `Gray' substituted by `gray' on input line 1371.
Package xcolor Info: Model `wave' substituted by `hsb' on input line 1372.
))
(/usr/share/texmf-dist/tex/latex/etoolbox/etoolbox.sty
Package: etoolbox 2025/10/02 v2.5m e-TeX tools for LaTeX (JAW)
\etb@tempcnta=\count284
)
(/usr/share/texmf-dist/tex/latex/graphics/graphicx.sty
Package: graphicx 2024/12/31 v1.2e Enhanced LaTeX Graphics (DPC,SPQR)

(/usr/share/texmf-dist/tex/latex/graphics/graphics.sty
Package: graphics 2024/08/06 v1.4g Standard LaTeX Graphics (DPC,SPQR)

(/usr/share/texmf-dist/tex/latex/graphics/trig.sty
Package: trig 2023/12/02 v1.11 sin cos tan (DPC)
)
(/usr/share/texmf-dist/tex/latex/graphics-cfg/graphics.cfg
File: graphics.cfg 2016/06/04 v1.11 sample graphics configuration
)
Package graphics Info: Driver file: luatex.def on input line 106.
)
\Gin@req@height=\dimen152
\Gin@req@width=\dimen153
)
\AM@pagewidth=\dimen154
\AM@pageheight=\dimen155
\AM@fboxrule=\dimen156

(/usr/share/texmf-dist/tex/latex/pdfpages/ppluatex.def
File: ppluatex.def 2025/07/23 v0.6g Pdfpages driver for LuaTeX (AM)
)
\pdfpages@includegraphics@status=\count285
\AM@pagebox=\box53
\AM@global@opts=\toks18
\AM@pagecnt=\count286
\AM@toc@title=\toks19
\AM@lof@heading=\toks20
\c@AM@survey=\count287
\AM@templatesizebox=\box54
)
(/usr/share/texmf-dist/tex/latex/l3backend/l3backend-luatex.def
File: l3backend-luatex.def 2025-10-09 L3 backend support: PDF output (LuaTeX)
\l__color_backend_stack_int=\count288
Inserting `l3color' in `luaotfload.parse_color'.)
(./toni_op_nyomt.aux)
\openout1 = toni_op_nyomt.aux

LaTeX Font Info:    Checking defaults for OML/cmm/m/it on input line 4.
LaTeX Font Info:    ... okay on input line 4.
LaTeX Font Info:    Checking defaults for OMS/cmsy/m/n on input line 4.
LaTeX Font Info:    ... okay on input line 4.
LaTeX Font Info:    Checking defaults for OT1/cmr/m/n on input line 4.
LaTeX Font Info:    ... okay on input line 4.
LaTeX Font Info:    Checking defaults for T1/cmr/m/n on input line 4.
LaTeX Font Info:    ... okay on input line 4.
LaTeX Font Info:    Checking defaults for TS1/cmr/m/n on input line 4.
LaTeX Font Info:    ... okay on input line 4.
LaTeX Font Info:    Checking defaults for TU/lmr/m/n on input line 4.
LaTeX Font Info:    ... okay on input line 4.
LaTeX Font Info:    Checking defaults for OMX/cmex/m/n on input line 4.
LaTeX Font Info:    ... okay on input line 4.
LaTeX Font Info:    Checking defaults for U/cmr/m/n on input line 4.
LaTeX Font Info:    ... okay on input line 4.

(/usr/share/texmf-dist/tex/context/base/mkii/supp-pdf.mkii
[Loading MPS to PDF converter (version 2006.09.02).]
\scratchcounter=\count289
\scratchdimen=\dimen157
\scratchbox=\box55
\nofMPsegments=\count290
\nofMParguments=\count291
\everyMPshowfont=\toks21
\MPscratchCnt=\count292
\MPscratchDim=\dimen158
\MPnumerator=\count293
\makeMPintoPDFobject=\count294
\everyMPtoPDFconversion=\toks22
) (/usr/share/texmf-dist/tex/latex/epstopdf-pkg/epstopdf-base.sty
Package: epstopdf-base 2020-01-24 v2.11 Base part for package epstopdf
Package epstopdf-base Info: Redefining graphics rule for `.eps' on input line 4
85.

(/usr/share/texmf-dist/tex/latex/latexconfig/epstopdf-sys.cfg
File: epstopdf-sys.cfg 2010/07/13 v1.3 Configuration of (r)epstopdf for TeX Liv
e
))
(/usr/share/texmf-dist/tex/latex/pdflscape/pdflscape.sty
Package: pdflscape 2025-06-23 v0.14 Display of landscape pages in PDF

(/usr/share/texmf-dist/tex/latex/pdflscape/pdflscape-nometadata.sty
Package: pdflscape-nometadata 2025-06-23 v0.14 Display of landscape pages in PD
F (HO)

(/usr/share/texmf-dist/tex/generic/iftex/iftex.sty
Package: iftex 2024/12/12 v1.0g TeX engine tests
)
(/usr/share/texmf-dist/tex/latex/graphics/lscape.sty
Package: lscape 2020/05/28 v3.02 Landscape Pages (DPC)
)
Package pdflscape Info: Auto-detected driver: pdftex on input line 81.
))
<toni_op.pdf, id=1, 298.75414pt x 421.10123pt>
File: toni_op.pdf Graphic file (type pdf)
<use toni_op.pdf>
Package luatex.def Info: toni_op.pdf  used on input line 10.
(luatex.def)             Requested size: 298.7534pt x 421.10019pt.
<toni_op.pdf, id=3, page=4, 298.75414pt x 421.10123pt>
File: toni_op.pdf Graphic file (type pdf)
<use toni_op.pdf, page 4>
Package luatex.def Info: toni_op.pdf , page4 used on input line 10.
(luatex.def)             Requested size: 298.7534pt x 421.10019pt.
File: toni_op.pdf Graphic file (type pdf)
<use toni_op.pdf, page 4>
Package luatex.def Info: toni_op.pdf , page4 used on input line 10.
(luatex.def)             Requested size: 299.00412pt x 421.45358pt.
File: toni_op.pdf Graphic file (type pdf)
<use toni_op.pdf, page 4>
Package luatex.def Info: toni_op.pdf , page4 used on input line 10.
(luatex.def)             Requested size: 299.00412pt x 421.45358pt.
File: toni_op.pdf Graphic file (type pdf)
<use toni_op.pdf, page 4>
Package luatex.def Info: toni_op.pdf , page4 used on input line 10.
(luatex.def)             Requested size: 299.00412pt x 421.45358pt.
<toni_op.pdf, id=4, page=1, 298.75414pt x 421.10123pt>
File: toni_op.pdf Graphic file (type pdf)
<use toni_op.pdf, page 1>
Package luatex.def Info: toni_op.pdf , page1 used on input line 10.
(luatex.def)             Requested size: 299.00412pt x 421.45358pt.
File: toni_op.pdf Graphic file (type pdf)
<use toni_op.pdf, page 1>
Package luatex.def Info: toni_op.pdf , page1 used on input line 10.
(luatex.def)             Requested size: 299.00412pt x 421.45358pt.
File: toni_op.pdf Graphic file (type pdf)
<use toni_op.pdf, page 4>
Package luatex.def Info: toni_op.pdf , page4 used on input line 10.
(luatex.def)             Requested size: 299.00412pt x 421.45358pt.
File: toni_op.pdf Graphic file (type pdf)
<use toni_op.pdf, page 4>
Package luatex.def Info: toni_op.pdf , page4 used on input line 10.
(luatex.def)             Requested size: 299.00412pt x 421.45358pt.
File: toni_op.pdf Graphic file (type pdf)
<use toni_op.pdf, page 1>
Package luatex.def Info: toni_op.pdf , page1 used on input line 10.
(luatex.def)             Requested size: 299.00412pt x 421.45358pt.
File: toni_op.pdf Graphic file (type pdf)
<use toni_op.pdf, page 1>
Package luatex.def Info: toni_op.pdf , page1 used on input line 10.
(luatex.def)             Requested size: 299.00412pt x 421.45358pt.
File: toni_op.pdf Graphic file (type pdf)
<use toni_op.pdf, page 4>
Package luatex.def Info: toni_op.pdf , page4 used on input line 10.
(luatex.def)             Requested size: 299.00412pt x 421.45358pt.
File: toni_op.pdf Graphic file (type pdf)
<use toni_op.pdf, page 1>
Package luatex.def Info: toni_op.pdf , page1 used on input line 10.
(luatex.def)             Requested size: 299.00412pt x 421.45358pt.
File: toni_op.pdf Graphic file (type pdf)
<use toni_op.pdf, page 4>
Package luatex.def Info: toni_op.pdf , page4 used on input line 10.
(luatex.def)             Requested size: 299.00412pt x 421.45358pt.
File: toni_op.pdf Graphic file (type pdf)
<use toni_op.pdf, page 1>
Package luatex.def Info: toni_op.pdf , page1 used on input line 10.
(luatex.def)             Requested size: 299.00412pt x 421.45358pt.
 [1


<./toni_op.pdf><./toni_op.pdf>]
<toni_op.pdf, id=52, page=2, 298.75414pt x 421.10123pt>
File: toni_op.pdf Graphic file (type pdf)
<use toni_op.pdf, page 2>
Package luatex.def Info: toni_op.pdf , page2 used on input line 10.
(luatex.def)             Requested size: 299.00412pt x 421.45358pt.
File: toni_op.pdf Graphic file (type pdf)
<use toni_op.pdf, page 2>
Package luatex.def Info: toni_op.pdf , page2 used on input line 10.
(luatex.def)             Requested size: 299.00412pt x 421.45358pt.
<toni_op.pdf, id=53, page=3, 298.75414pt x 421.10123pt>
File: toni_op.pdf Graphic file (type pdf)
<use toni_op.pdf, page 3>
Package luatex.def Info: toni_op.pdf , page3 used on input line 10.
(luatex.def)             Requested size: 299.00412pt x 421.45358pt.
File: toni_op.pdf Graphic file (type pdf)
<use toni_op.pdf, page 3>
Package luatex.def Info: toni_op.pdf , page3 used on input line 10.
(luatex.def)             Requested size: 299.00412pt x 421.45358pt.
File: toni_op.pdf Graphic file (type pdf)
<use toni_op.pdf, page 2>
Package luatex.def Info: toni_op.pdf , page2 used on input line 10.
(luatex.def)             Requested size: 299.00412pt x 421.45358pt.
File: toni_op.pdf Graphic file (type pdf)
<use toni_op.pdf, page 2>
Package luatex.def Info: toni_op.pdf , page2 used on input line 10.
(luatex.def)             Requested size: 299.00412pt x 421.45358pt.
File: toni_op.pdf Graphic file (type pdf)
<use toni_op.pdf, page 3>
Package luatex.def Info: toni_op.pdf , page3 used on input line 10.
(luatex.def)             Requested size: 299.00412pt x 421.45358pt.
File: toni_op.pdf Graphic file (type pdf)
<use toni_op.pdf, page 3>
Package luatex.def Info: toni_op.pdf , page3 used on input line 10.
(luatex.def)             Requested size: 299.00412pt x 421.45358pt.
File: toni_op.pdf Graphic file (type pdf)
<use toni_op.pdf, page 2>
Package luatex.def Info: toni_op.pdf , page2 used on input line 10.
(luatex.def)             Requested size: 299.00412pt x 421.45358pt.
File: toni_op.pdf Graphic file (type pdf)
<use toni_op.pdf, page 3>
Package luatex.def Info: toni_op.pdf , page3 used on input line 10.
(luatex.def)             Requested size: 299.00412pt x 421.45358pt.
File: toni_op.pdf Graphic file (type pdf)
<use toni_op.pdf, page 2>
Package luatex.def Info: toni_op.pdf , page2 used on input line 10.
(luatex.def)             Requested size: 299.00412pt x 421.45358pt.
File: toni_op.pdf Graphic file (type pdf)
<use toni_op.pdf, page 3>
Package luatex.def Info: toni_op.pdf , page3 used on input line 10.
(luatex.def)             Requested size: 299.00412pt x 421.45358pt.
 [2

<./toni_op.pdf><./toni_op.pdf>] (./toni_op_nyomt.aux)
 ***********
LaTeX2e <2025-11-01>
L3 programming layer <2026-01-19>
 ***********
)

Here is how much of LuaTeX's memory you used:
 3181 strings out of 476076
 100000,460012 words of node,token memory allocated
 416 words of node memory still in use:
   3 hlist, 1 vlist, 1 rule, 2 glue, 3 kern, 1 glyph, 4 attribute, 50 glue_spec,
 4 attribute_list, 1 write nodes
   avail lists: 2:171,3:33,4:10,5:71,6:8,7:82,9:240
 25548 multiletter control sequences out of 65536+600000
 15 fonts using 723367 bytes
 72i,17n,87p,222b,483s stack positions out of 10000i,1000n,20000p,200000b,200000s
Output written on toni_op_nyomt.pdf (2 pages, 59578 bytes).

PDF statistics: 59 PDF objects out of 1000 (max. 8388607)
 30 compressed objects within 1 object stream
 0 named destinations out of 1000 (max. 1048576)
 1 words of extra memory for PDF output out of 10000 (max. 100000000)

